Binary Tree 1 = 
                                1
                  ______________|______________ 
                 /                             \
                2                               3
                                          ______|______ 
                                         /             \
                                        4               6
                                        |__                 
                                           \                
                                            5                
                                            |                 
                                           /                  
                                          7                    

Binary Tree 2 = 
                                1
                  ______________|______________ 
                 /                             \
                2                               3
                                          ______|       
                                         /              
                                        4                
                                        |__                 
                                           \                
                                            5                
                                            |                 
                                           /                  
                                          7                    

Are identical? = false
