Binary Tree = 
                                1
                  ______________|______________ 
                 /                             \
                2                               3
                                          ______|______ 
                                         /             \
                                        4               6
                                        |__                 
                                           \                
                                            5                
                                            |                 
                                           /                  
                                          7                    

Is a BST? = false
Binary Tree = 
    1
    | 
   / \
  2   3

Is a BST? = false
Binary Tree = 
    2
    | 
   / \
  1   3

Is a BST? = true
Binary Tree = 
        3
      __|__ 
     /     \
    2       4
    |         
     \        
      5        

Is a BST? = false
