Binary Tree = 
        1
      __|__ 
     /     \
    2       2
    |       | 
   / \     / \
  4   6   6   4

Is a mirror image of itself (symmetric)? = true

Binary Tree = 
    1
    | 
   / \
  2   2

Is a mirror image of itself (symmetric)? = true

Binary Tree = 
    2
    | 
   / \
  1   3

Is a mirror image of itself (symmetric)? = false

Binary Tree = 
        3
      __|__ 
     /     \
    2       4
    |         
     \        
      5        

Is a mirror image of itself (symmetric)? = false
