Binary Search Tree = 
                                                                9
                                  ______________________________|______________________________ 
                                 /                                                             \
                                1                                                               11
                  ______________|______________                                   ______________|               
                 /                             \                                 /                              
                0                               5                              10                                 
                                          ______|______                                                                 
                                         /             \                                                                
                                        2               7                                                                 
                                        |__           __|__                                                                 
                                           \         /     \                                                                
                                            4       6       8                                                                 
                                            |                                                                                 
                                           /                                                                                  
                                          3                                                                                     

Maximum tree path value = 51 using path [8 => 7 => 5 => 1 => 9 => 11 => 10]
--------------------------------------------------
Binary Tree = 
                10
          ______|______ 
         /             \
        2               10
      __|__             |__ 
     /     \               \
    20       1               -25
                            | 
                           / \
                          3   4

Maximum tree path value = 42 using path [20 => 2 => 10 => 10]
--------------------------------------------------
Binary Tree = 
        -10
      __|__ 
     /     \
    9       20
            | 
           / \
          15   7

Maximum tree path value = 42 using path [15 => 20 => 7]
